FILE_TYPE=LIBRARY_PARTS;
PRIMITIVE 'AA2214VRBXS_A_TR_AMT','AA2214VRBXS_A_TR_AMT_LED Moulded';
  PIN
    'K':
      PIN_NUMBER='(1)';
      NO_LOAD_CHECK=BOTH;
      NO_IO_CHECK=BOTH;
      ALLOW_CONNECT=TRUE;
      PINUSE='UNSPEC';
    'A':
      PIN_NUMBER='(2)';
      NO_LOAD_CHECK=BOTH;
      NO_IO_CHECK=BOTH;
      ALLOW_CONNECT=TRUE;
      PINUSE='UNSPEC';
  END_PIN;
  BODY
    PART_NAME='AA2214VRBXS_A_TR_AMT';
    PHYS_DES_PREFIX='LED';
    NO_LOAD_CHECK='TRUE';
    PIN_COUNT='2';
    BODY_NAME='AA2214VRBXS_A_TR_AMT';
    JEDEC_TYPE='LEDM2214X130N';
  END_BODY;
END_PRIMITIVE;
END.
